0 info it worked if it ends with ok
1 verbose cli [ '/usr/local/bin/node',
1 verbose cli   '/usr/local/bin/npm',
1 verbose cli   'install',
1 verbose cli   'FortAwesome/Font-Awesome' ]
2 info using npm@3.10.3
3 info using node@v6.3.1
4 silly loadCurrentTree Starting
5 silly install loadCurrentTree
6 silly install readLocalPackageData
7 silly fetchPackageMetaData FortAwesome/Font-Awesome@*
8 silly fetchOtherPackageData FortAwesome/Font-Awesome@*
9 silly cache add args [ 'FortAwesome/Font-Awesome@*', null ]
10 verbose cache add spec FortAwesome/Font-Awesome@*
11 silly cache add parsed spec Result {
11 silly cache add   raw: 'FortAwesome/Font-Awesome@*',
11 silly cache add   scope: null,
11 silly cache add   escapedName: null,
11 silly cache add   name: null,
11 silly cache add   rawSpec: 'FortAwesome/Font-Awesome@*',
11 silly cache add   spec: '/Users/william/Desktop/wferrufino-ui.github.io/FortAwesome/Font-Awesome@*',
11 silly cache add   type: 'local' }
12 error addLocal Could not install /Users/william/Desktop/wferrufino-ui.github.io/FortAwesome/Font-Awesome@*
13 silly fetchPackageMetaData Error: ENOENT: no such file or directory, open '/Users/william/Desktop/wferrufino-ui.github.io/FortAwesome/Font-Awesome@*'
13 silly fetchPackageMetaData     at Error (native)
13 silly fetchPackageMetaData  error for FortAwesome/Font-Awesome@* { Error: ENOENT: no such file or directory, open '/Users/william/Desktop/wferrufino-ui.github.io/FortAwesome/Font-Awesome@*'
13 silly fetchPackageMetaData     at Error (native)
13 silly fetchPackageMetaData   errno: -2,
13 silly fetchPackageMetaData   code: 'ENOENT',
13 silly fetchPackageMetaData   syscall: 'open',
13 silly fetchPackageMetaData   path: '/Users/william/Desktop/wferrufino-ui.github.io/FortAwesome/Font-Awesome@*' }
14 silly rollbackFailedOptional Starting
15 silly rollbackFailedOptional Finishing
16 silly runTopLevelLifecycles Starting
17 silly runTopLevelLifecycles Finishing
18 silly install printInstalled
19 verbose stack Error: ENOENT: no such file or directory, open '/Users/william/Desktop/wferrufino-ui.github.io/FortAwesome/Font-Awesome@*'
19 verbose stack     at Error (native)
20 verbose cwd /Users/william/Desktop/wferrufino-ui.github.io
21 error Darwin 14.5.0
22 error argv "/usr/local/bin/node" "/usr/local/bin/npm" "install" "FortAwesome/Font-Awesome"
23 error node v6.3.1
24 error npm  v3.10.3
25 error path /Users/william/Desktop/wferrufino-ui.github.io/FortAwesome/Font-Awesome@*
26 error code ENOENT
27 error errno -2
28 error syscall open
29 error enoent ENOENT: no such file or directory, open '/Users/william/Desktop/wferrufino-ui.github.io/FortAwesome/Font-Awesome@*'
30 error enoent ENOENT: no such file or directory, open '/Users/william/Desktop/wferrufino-ui.github.io/FortAwesome/Font-Awesome@*'
30 error enoent This is most likely not a problem with npm itself
30 error enoent and is related to npm not being able to find a file.
31 verbose exit [ -2, true ]
